0 info it worked if it ends with ok
1 verbose cli [ 'C:\\Program Files\\nodejs\\node.exe',
1 verbose cli   'C:\\Program Files\\nodejs\\node_modules\\npm\\bin\\npm-cli.js',
1 verbose cli   'run',
1 verbose cli   'server' ]
2 info using npm@3.10.10
3 info using node@v6.11.4
4 verbose run-script [ 'preserver', 'server', 'postserver' ]
5 info lifecycle homesuite@0.0.0~preserver: homesuite@0.0.0
6 silly lifecycle homesuite@0.0.0~preserver: no script for preserver, continuing
7 info lifecycle homesuite@0.0.0~server: homesuite@0.0.0
8 verbose lifecycle homesuite@0.0.0~server: unsafe-perm in lifecycle true
9 verbose lifecycle homesuite@0.0.0~server: PATH: C:\Program Files\nodejs\node_modules\npm\bin\node-gyp-bin;C:\Users\sacre\HomeSuite\HomeSuite\node_modules\.bin;C:\Users\sacre\HomeSuite\HomeSuite\node_modules\.bin;C:\Users\sacre\AppData\Local\Yarn\config\link\node_modules\.bin;C:\Users\sacre\HomeSuite\HomeSuite\node_modules\.bin;C:\Users\sacre\AppData\Local\Yarn\config\link\node_modules\.bin;C:\Users\sacre\AppData\Local\Yarn\bin;C:\Program Files\lib\node_modules\npm\bin\node-gyp-bin;C:\Program Files\nodejs\node_modules\npm\bin\node-gyp-bin;C:\Program Files\Microsoft MPI\Bin\;C:\Program Files (x86)\Intel\iCLS Client\;C:\Program Files\Intel\iCLS Client\;C:\WINDOWS\system32;C:\WINDOWS;C:\WINDOWS\System32\Wbem;C:\WINDOWS\System32\WindowsPowerShell\v1.0\;C:\Program Files\MongoDB\Server\3.0\bin\;C:\Program Files (x86)\Intel\Intel(R) Management Engine Components\DAL;C:\Program Files\Intel\Intel(R) Management Engine Components\DAL;C:\Program Files (x86)\Intel\Intel(R) Management Engine Components\IPT;C:\Program Files\Intel\Intel(R) Management Engine Components\IPT;C:\Program Files\7-Zip;C:\Program Files\Java\jdk1.8.0_45\bin;C:\Program Files\nodejs\;C:\Program Files\Microsoft SQL Server\130\Tools\Binn\;C:\Users\sacre\AppData\Local\Microsoft\WindowsApps;C:\Users\sacre\AppData\Local\Programs\Git\cmd;C:\Users\sacre\AppData\Roaming\npm;C:\Program Files\Heroku\bin;C:\Program Files\MongoDB\Server\3.6\bin;
10 verbose lifecycle homesuite@0.0.0~server: CWD: C:\Users\sacre\HomeSuite\HomeSuite
11 silly lifecycle homesuite@0.0.0~server: Args: [ '/d /s /c', 'node server.js' ]
12 silly lifecycle homesuite@0.0.0~server: Returned: code: 1  signal: null
13 info lifecycle homesuite@0.0.0~server: Failed to exec server script
14 verbose stack Error: homesuite@0.0.0 server: `node server.js`
14 verbose stack Exit status 1
14 verbose stack     at EventEmitter.<anonymous> (C:\Program Files\nodejs\node_modules\npm\lib\utils\lifecycle.js:255:16)
14 verbose stack     at emitTwo (events.js:106:13)
14 verbose stack     at EventEmitter.emit (events.js:191:7)
14 verbose stack     at ChildProcess.<anonymous> (C:\Program Files\nodejs\node_modules\npm\lib\utils\spawn.js:40:14)
14 verbose stack     at emitTwo (events.js:106:13)
14 verbose stack     at ChildProcess.emit (events.js:191:7)
14 verbose stack     at maybeClose (internal/child_process.js:920:16)
14 verbose stack     at Process.ChildProcess._handle.onexit (internal/child_process.js:230:5)
15 verbose pkgid homesuite@0.0.0
16 verbose cwd C:\Users\sacre\HomeSuite\HomeSuite
17 error Windows_NT 10.0.16299
18 error argv "C:\\Program Files\\nodejs\\node.exe" "C:\\Program Files\\nodejs\\node_modules\\npm\\bin\\npm-cli.js" "run" "server"
19 error node v6.11.4
20 error npm  v3.10.10
21 error code ELIFECYCLE
22 error homesuite@0.0.0 server: `node server.js`
22 error Exit status 1
23 error Failed at the homesuite@0.0.0 server script 'node server.js'.
23 error Make sure you have the latest version of node.js and npm installed.
23 error If you do, this is most likely a problem with the homesuite package,
23 error not with npm itself.
23 error Tell the author that this fails on your system:
23 error     node server.js
23 error You can get information on how to open an issue for this project with:
23 error     npm bugs homesuite
23 error Or if that isn't available, you can get their info via:
23 error     npm owner ls homesuite
23 error There is likely additional logging output above.
24 verbose exit [ 1, true ]
